<?xml version="1.0" encoding="UTF-8"?>
<!-- Generated by org.testng.reporters.JUnitXMLReporter -->
<testsuite ignored="0" hostname="DESKTOP-KEU5R8U" failures="0" tests="3" name="Default test" time="20.324" errors="0" timestamp="2023-10-05T10:21:32 IST">
  <testcase classname="seleniumproject.project" name="openURL" time="4.215"/>
  <testcase classname="seleniumproject.project" name="bookshelves" time="8.594"/>
  <testcase classname="seleniumproject.project" name="Storage" time="1.574"/>
</testsuite> <!-- Default test -->
