<?xml version="1.0" encoding="UTF-8"?>
<testng-results ignored="0" total="3" passed="3" failed="0" skipped="0">
  <reporter-output>
  </reporter-output>
  <suite started-at="2023-10-05T10:21:12 IST" name="Default suite" finished-at="2023-10-05T10:21:32 IST" duration-ms="20324">
    <groups>
    </groups>
    <test started-at="2023-10-05T10:21:12 IST" name="Default test" finished-at="2023-10-05T10:21:32 IST" duration-ms="20324">
      <class name="seleniumproject.project">
        <test-method is-config="true" signature="driverSetup()[pri:0, instance:seleniumproject.project@1de5f259]" started-at="2023-10-05T10:21:12 IST" name="driverSetup" finished-at="2023-10-05T10:21:17 IST" duration-ms="4942" status="PASS">
          <reporter-output>
          </reporter-output>
        </test-method> <!-- driverSetup -->
        <test-method signature="openURL()[pri:0, instance:seleniumproject.project@1de5f259]" started-at="2023-10-05T10:21:17 IST" name="openURL" finished-at="2023-10-05T10:21:21 IST" duration-ms="4215" status="PASS">
          <reporter-output>
          </reporter-output>
        </test-method> <!-- openURL -->
        <test-method signature="bookshelves()[pri:0, instance:seleniumproject.project@1de5f259]" started-at="2023-10-05T10:21:21 IST" name="bookshelves" finished-at="2023-10-05T10:21:29 IST" depends-on-methods="seleniumproject.project.openURL" duration-ms="8594" status="PASS">
          <reporter-output>
          </reporter-output>
        </test-method> <!-- bookshelves -->
        <test-method signature="Storage()[pri:0, instance:seleniumproject.project@1de5f259]" started-at="2023-10-05T10:21:29 IST" name="Storage" finished-at="2023-10-05T10:21:31 IST" depends-on-methods="seleniumproject.project.bookshelves" duration-ms="1574" status="PASS">
          <reporter-output>
          </reporter-output>
        </test-method> <!-- Storage -->
        <test-method is-config="true" signature="closeBrowser()[pri:0, instance:seleniumproject.project@1de5f259]" started-at="2023-10-05T10:21:31 IST" name="closeBrowser" finished-at="2023-10-05T10:21:32 IST" duration-ms="921" status="PASS">
          <reporter-output>
          </reporter-output>
        </test-method> <!-- closeBrowser -->
      </class> <!-- seleniumproject.project -->
    </test> <!-- Default test -->
  </suite> <!-- Default suite -->
</testng-results>
